TN:
SF:src/App.tsx
FN:12,App
FN:13,(anonymous_1)
FNF:2
FNH:0
FNDA:0,App
FNDA:0,(anonymous_1)
DA:1,0
DA:2,0
DA:3,0
DA:4,0
DA:5,0
DA:13,0
DA:35,0
DA:37,0
DA:73,0
LF:9
LH:0
BRF:0
BRH:0
end_of_record
TN:
SF:src/main.tsx
FNF:0
FNH:0
DA:1,0
DA:2,0
DA:3,0
DA:5,0
LF:4
LH:0
BRF:0
BRH:0
end_of_record
TN:
SF:src/controllers/TodoController.ts
FN:8,(anonymous_0)
FN:13,(anonymous_1)
FN:18,(anonymous_2)
FN:36,(anonymous_3)
FN:49,(anonymous_4)
FN:52,(anonymous_5)
FN:53,(anonymous_6)
FN:67,(anonymous_7)
FN:78,(anonymous_8)
FN:82,(anonymous_9)
FN:87,(anonymous_10)
FN:93,(anonymous_11)
FN:94,(anonymous_12)
FN:100,(anonymous_13)
FN:113,(anonymous_14)
FNF:15
FNH:0
FNDA:0,(anonymous_0)
FNDA:0,(anonymous_1)
FNDA:0,(anonymous_2)
FNDA:0,(anonymous_3)
FNDA:0,(anonymous_4)
FNDA:0,(anonymous_5)
FNDA:0,(anonymous_6)
FNDA:0,(anonymous_7)
FNDA:0,(anonymous_8)
FNDA:0,(anonymous_9)
FNDA:0,(anonymous_10)
FNDA:0,(anonymous_11)
FNDA:0,(anonymous_12)
FNDA:0,(anonymous_13)
FNDA:0,(anonymous_14)
DA:1,0
DA:5,0
DA:9,0
DA:14,0
DA:15,0
DA:16,0
DA:18,0
DA:19,0
DA:20,0
DA:21,0
DA:24,0
DA:37,0
DA:38,0
DA:40,0
DA:50,0
DA:52,0
DA:53,0
DA:54,0
DA:56,0
DA:59,0
DA:67,0
DA:73,0
DA:74,0
DA:75,0
DA:78,0
DA:79,0
DA:82,0
DA:83,0
DA:88,0
DA:93,0
DA:94,0
DA:96,0
DA:97,0
DA:98,0
DA:100,0
DA:101,0
DA:105,0
DA:114,0
LF:38
LH:0
BRF:0
BRH:0
end_of_record
TN:
SF:src/models/TodoModel.ts
FN:16,(anonymous_0)
FN:21,(anonymous_1)
FN:23,(anonymous_2)
FN:26,(anonymous_3)
FN:27,(anonymous_4)
FN:31,(anonymous_5)
FN:35,(anonymous_6)
FN:52,(anonymous_7)
FN:53,(anonymous_8)
FN:60,(anonymous_9)
FN:61,(anonymous_10)
FN:67,(anonymous_11)
FN:73,(anonymous_12)
FN:78,(anonymous_13)
FN:82,(anonymous_14)
FN:87,(anonymous_15)
FN:91,(anonymous_16)
FN:92,(anonymous_17)
FNF:18
FNH:18
FNDA:120,(anonymous_0)
FNDA:18,(anonymous_1)
FNDA:5,(anonymous_2)
FNDA:621,(anonymous_3)
FNDA:102,(anonymous_4)
FNDA:303,(anonymous_5)
FNDA:2561,(anonymous_6)
FNDA:58,(anonymous_7)
FNDA:126,(anonymous_8)
FNDA:85,(anonymous_9)
FNDA:1321,(anonymous_10)
FNDA:228,(anonymous_11)
FNDA:123,(anonymous_12)
FNDA:120,(anonymous_13)
FNDA:621,(anonymous_14)
FNDA:137,(anonymous_15)
FNDA:19,(anonymous_16)
FNDA:4,(anonymous_17)
DA:2,5
DA:12,5
DA:13,120
DA:14,120
DA:17,120
DA:22,18
DA:23,18
DA:27,621
DA:32,303
DA:36,2561
DA:38,478
DA:47,478
DA:48,478
DA:49,478
DA:53,58
DA:54,126
DA:56,58
DA:57,58
DA:61,1321
DA:62,85
DA:63,85
DA:68,228
DA:69,228
DA:70,228
DA:74,123
DA:79,120
DA:83,621
DA:88,137
DA:92,19
LF:29
LH:29
BRDA:35,0,0,2561
BRDA:36,1,0,2081
BRDA:41,2,0,478
BRDA:41,2,1,266
BRDA:54,3,0,32
BRDA:54,3,1,94
BRF:6
BRH:6
end_of_record
TN:
SF:src/styles/styles.ts
FN:238,(anonymous_9)
FN:297,(anonymous_10)
FN:322,(anonymous_11)
FN:333,(anonymous_12)
FN:348,(anonymous_13)
FNF:5
FNH:0
FNDA:0,(anonymous_9)
FNDA:0,(anonymous_10)
FNDA:0,(anonymous_11)
FNDA:0,(anonymous_12)
FNDA:0,(anonymous_13)
DA:1,0
DA:4,0
DA:11,0
DA:18,0
DA:57,0
DA:66,0
DA:85,0
DA:97,0
DA:104,0
DA:127,0
DA:139,0
DA:146,0
DA:171,0
DA:198,0
DA:239,0
DA:241,0
DA:253,0
DA:263,0
DA:273,0
DA:287,0
DA:297,0
DA:313,0
DA:318,0
DA:322,0
DA:329,0
DA:333,0
DA:338,0
DA:347,0
DA:348,0
DA:360,0
DA:373,0
DA:377,0
DA:390,0
DA:396,0
DA:402,0
DA:410,0
LF:36
LH:0
BRDA:238,0,0,0
BRDA:239,1,0,0
BRDA:239,1,1,0
BRDA:239,1,2,0
BRDA:239,1,3,0
BRDA:297,2,0,0
BRDA:297,2,1,0
BRDA:322,3,0,0
BRDA:322,3,1,0
BRDA:333,4,0,0
BRDA:333,4,1,0
BRF:11
BRH:0
end_of_record
TN:
SF:src/utils/utils.ts
FN:4,(anonymous_0)
FN:7,(anonymous_1)
FN:20,(anonymous_2)
FN:25,(anonymous_3)
FN:35,(anonymous_4)
FN:37,(anonymous_5)
FN:38,(anonymous_6)
FN:43,(anonymous_7)
FN:47,(anonymous_8)
FN:53,(anonymous_9)
FN:54,(anonymous_10)
FN:70,(anonymous_11)
FN:72,(anonymous_12)
FN:73,(anonymous_13)
FNF:14
FNH:13
FNDA:478,(anonymous_0)
FNDA:120,(anonymous_1)
FNDA:621,(anonymous_2)
FNDA:0,(anonymous_3)
FNDA:228,(anonymous_4)
FNDA:23,(anonymous_5)
FNDA:26,(anonymous_6)
FNDA:228,(anonymous_7)
FNDA:10189,(anonymous_8)
FNDA:228,(anonymous_9)
FNDA:9970,(anonymous_10)
FNDA:123,(anonymous_11)
FNDA:10111,(anonymous_12)
FNDA:10111,(anonymous_13)
DA:4,478
DA:7,5
DA:8,120
DA:9,120
DA:10,37
DA:11,37
DA:13,12
DA:14,12
DA:17,95
DA:20,5
DA:21,621
DA:25,5
DA:26,0
DA:27,0
DA:28,0
DA:29,0
DA:30,0
DA:35,5
DA:36,228
DA:37,27
DA:38,27
DA:39,174
DA:43,5
DA:44,228
DA:46,182
DA:47,182
DA:48,10189
DA:53,5
DA:54,228
DA:56,9970
DA:57,24
DA:60,9946
DA:61,9946
DA:62,1
DA:65,9945
DA:70,123
DA:72,10111
DA:73,10111
LF:38
LH:33
BRDA:9,0,0,37
BRDA:26,1,0,0
BRDA:26,1,1,0
BRDA:26,1,2,0
BRDA:26,1,3,0
BRDA:36,2,0,27
BRDA:36,2,1,27
BRDA:36,2,2,174
BRDA:44,3,0,46
BRDA:48,4,0,10189
BRDA:48,4,1,164
BRDA:48,4,2,162
BRDA:56,5,0,24
BRDA:57,6,0,2
BRDA:57,6,1,22
BRDA:61,7,0,1
BRF:16
BRH:12
end_of_record
TN:
SF:src/views/TodoViews.tsx
FN:34,(anonymous_0)
FN:52,(anonymous_1)
FN:68,(anonymous_2)
FN:75,(anonymous_3)
FN:81,(anonymous_4)
FN:103,(anonymous_5)
FN:119,(anonymous_6)
FN:125,(anonymous_7)
FN:132,(anonymous_8)
FN:139,(anonymous_9)
FN:155,(anonymous_10)
FN:177,(anonymous_11)
FN:183,(anonymous_12)
FN:197,(anonymous_13)
FN:234,(anonymous_14)
FN:245,(anonymous_15)
FNF:16
FNH:0
FNDA:0,(anonymous_0)
FNDA:0,(anonymous_1)
FNDA:0,(anonymous_2)
FNDA:0,(anonymous_3)
FNDA:0,(anonymous_4)
FNDA:0,(anonymous_5)
FNDA:0,(anonymous_6)
FNDA:0,(anonymous_7)
FNDA:0,(anonymous_8)
FNDA:0,(anonymous_9)
FNDA:0,(anonymous_10)
FNDA:0,(anonymous_11)
FNDA:0,(anonymous_12)
FNDA:0,(anonymous_13)
FNDA:0,(anonymous_14)
FNDA:0,(anonymous_15)
DA:2,0
DA:3,0
DA:34,0
DA:35,0
DA:52,0
DA:61,0
DA:68,0
DA:75,0
DA:81,0
DA:103,0
DA:111,0
DA:113,0
DA:119,0
DA:125,0
DA:132,0
DA:139,0
DA:155,0
DA:156,0
DA:177,0
DA:183,0
DA:197,0
DA:201,0
DA:203,0
DA:204,0
DA:215,0
DA:234,0
DA:240,0
DA:246,0
LF:28
LH:0
BRDA:111,0,0,0
BRDA:124,1,0,0
BRDA:124,1,1,0
BRDA:131,2,0,0
BRDA:131,2,1,0
BRDA:138,3,0,0
BRDA:138,3,1,0
BRDA:161,4,0,0
BRDA:161,4,1,0
BRDA:176,5,0,0
BRDA:176,5,1,0
BRDA:179,6,0,0
BRDA:179,6,1,0
BRDA:201,7,0,0
BRDA:203,8,0,0
BRF:15
BRH:0
end_of_record
